<?xml version="1.0" encoding="UTF-8"?>
<testsuite name="com.bridgelabz.HotelReservationTest" tests="1" skipped="0" failures="0" errors="0" timestamp="2021-08-10T13:39:56" hostname="LAPTOP-K4FELRDJ" time="0.005">
  <properties/>
  <testcase name="givenHotelNameAndRatesShouldReturnFalse" classname="com.bridgelabz.HotelReservationTest" time="0.005"/>
  <system-out><![CDATA[]]></system-out>
  <system-err><![CDATA[]]></system-err>
</testsuite>
